<?xml version="1.0" encoding="UTF-8"?>
<!-- Generated by org.testng.reporters.JUnitReportReporter -->
<testsuite skipped="0" hostname="MINHAJULs-MBP.home" name="mq.com.selenium.Script01" tests="1" failures="0" timestamp="03 Apr 2017 00:44:52 GMT" time="4.463" errors="0">
  <testcase name="test" time="4.463" classname="mq.com.selenium.Script01"/>
</testsuite> <!-- mq.com.selenium.Script01 -->
